<?xml version="1.0" encoding="UTF-8" ?>
<testsuite errors="0" failures="0" hostname="WL-205-124.WPA.Claremont.Edu" name="com.flatironschool.javacs.TermCounterTest" skipped="0" tests="1" time="0.391" timestamp="2016-05-05T23:40:15">
  <properties>
[...]
</properties>
  <testcase classname="com.flatironschool.javacs.TermCounterTest" name="testSize" time="0.337" />
  <system-out><![CDATA[, 336
exception, 2
javabeans, 1
references, 1
allowed, 1
objects, 11
setvisible, 1
recognized, 1
slower, 1
without, 5
these, 5
printwriter, 1
introduced, 1
would, 1
protected, 1
because, 3
ioexception, 1
packaged, 1
$, 1
devices, 2
fairly, 1
google, 5
optional, 1
require, 1
community, 4
analysis, 2
packages, 4
version, 3
adapted, 1
0, 4
standards, 3
1, 9
reuses, 1
2, 3
contains, 7
size, 1
5, 3
left, 1
6, 2
7, 3
8, 3
historically, 1
9, 1
returns, 1
<, 1
much, 2
>, 1
object, 23
shortly, 1
providing, 1
role, 1
independent, 3
notable, 1
manual, 1
example, 4
result, 2
characters, 1
smartphones, 1
after, 5
solaris, 1
close, 5
computers, 1
resigned, 1
sweep, 1
annotation, 1
haskell, 1
a, 101
fostering, 1
c, 4
licensed, 1
sets, 1
e, 5
copyrights, 1
kernel, 1
i, 5
combines, 1
logical, 1
printing, 2
gnu, 5
the, 339
component, 4
licenses, 1
swing, 8
s, 17
calling, 2
x, 2
routines, 1
returned, 3
discuss, 1
standard, 9
november, 1
instructions, 2
servletrequest, 2
harmony, 1
iso, 2
keywords, 1
official, 2
specifications, 1
j2me, 1
generated, 2
incorporated, 1
others, 2
nonexistent, 1
add, 3
gpl, 3
making, 1
need, 2
originally, 3
its, 10
often, 1
users, 2
aside, 1
http, 2
private, 1
united, 1
provided, 1
standardization, 1
interface, 5
representation, 1
directory, 1
prevent, 2
compiled, 5
producing, 1
appended, 1
provides, 7
responsible, 1
patrick, 1
end, 2
compiler, 9
laptops, 1
compiles, 1
citation, 2
multiple, 8
mobile, 2
perform, 1
rich, 1
label, 1
better, 1
args, 4
special, 1
with, 36
environment, 3
referenced, 4
service, 4
coffee, 1
there, 6
syntax, 5
achieved, 1
well, 3
handling, 1
personaljava, 1
c++, 10
copyright, 1
named, 2
called, 15
executables, 1
told, 1
configurations, 1
release, 2
considered, 1
arithmetic, 2
occurs, 1
accessed, 1
number, 2
responding, 1
genericservlet, 2
centers, 1
judge, 1
write, 4
order, 2
cooperation, 1
similar, 2
went, 1
jcomponent, 1
corporation, 3
programmer, 3
specify, 1
underlying, 1
slowly, 1
exit, 4
system, 11
million, 2
even, 1
transparency, 1
gui, 2
other, 9
circuit, 1
indicated, 1
against, 1
cms, 1
respectively, 1
functionality, 1
portability, 1
top, 1
too, 1
native, 3
indicates, 2
have, 9
particularly, 1
television, 2
j2se, 3
inconsistent, 1
interchangeably, 1
framework, 1
requiring, 1
regard, 1
stored, 3
attributes, 1
francisco, 1
environments, 3
steward, 1
almost, 4
modifier, 1
implicitly, 1
prevents, 1
simplifies, 1
body, 1
upon, 1
platforms, 8
rmi, 1
identical, 2
pages, 4
declares, 1
earlier, 1
etc, 1
windowconstants, 1
members, 1
motif, 1
cable, 1
all, 9
always, 1
new, 5
void, 3
including, 1
clones, 1
below, 1
already, 1
lay, 1
guaranteed, 1
basis, 2
200, 2
rigorous, 1
apis, 7
were, 5
remedied, 1
translates, 1
specialized, 1
became, 1
initiated, 1
influenced, 1
cause, 2
times, 1
similarly, 1
and, 99
intended, 4
design, 3
extra, 1
predict, 1
universal, 1
declared, 1
comments, 4
automatic, 2
bytecodes, 1
specific, 7
any, 11
despite, 1
caller, 1
application, 8
compilation, 3
inherited, 5
jframe, 4
unsigned, 2
until, 1
machines, 1
respond, 1
servletresponse, 2
renamed, 3
extending, 1
reversed, 1
thought, 1
compiling, 1
led, 1
anywhere, 2
deallocated, 2
defines, 1
companies, 2
java, 148
recompilation, 1
let, 1
jar, 2
pointers, 1
defined, 3
fully, 1
events, 1
microcontrollers, 1
element, 2
displayed, 3
using, 8
began, 1
remain, 1
containing, 2
pack, 1
each, 5
width=, 1
creating, 1
must, 6
styles, 1
bytecode, 11
complexity, 1
feels, 1
fqcn, 1
another, 1
automatically, 2
document, 1
concurrent, 2
facto, 2
two, 2
default, 3
releasing, 1
found, 1
are, 30
does, 9
code=, 1
delimiters, 3
reported, 1
structured, 1
where, 4
attribute, 1
mechanism, 1
popular, 4
arm, 2
escape, 1
graphic, 2
creation, 3
latest, 1
vice, 1
languages, 3
lacking, 1
declaration, 2
jdk, 2
call, 1
such, 10
marketing, 1
plugin, 1
stringbuilder, 1
japplet, 7
supported, 7
through, 5
resulted, 1
featured, 1
becoming, 1
microsystems, 8
run, 14
had, 4
remains, 2
source, 10
enclosing, 1
secure, 1
microsoft, 4
individuals, 1
operator, 1
lifecycle, 3
features, 5
either, 4
compile, 3
generics, 4
has, 11
keyword, 4
starts, 1
ecma, 2
acquired, 1
those, 3
given, 1
unreachable, 1
insufficient, 1
freed, 1
technologies, 3
longer, 4
suited, 1
converted, 2
sued, 1
district, 1
name, 14
selling, 1
page, 2
fields, 1
parameters, 1
full, 1
next, 1
memory, 16
string, 17
import, 4
hidden, 1
android, 13
classes, 19
aspects, 1
description, 1
edition, 1
non, 1
not, 19
documenting, 1
statement, 1
trademark, 1
supporting, 1
analogous, 1
early, 1
ensures, 1
convention, 1
interfaces, 4
infringed, 1
green, 2
was, 12
libraries, 3
derives, 1
windows, 4
generic, 2
way, 2
manage, 2
refer, 1
spared, 1
initially, 2
vulnerabilities, 1
time, 8
window, 5
gtk+, 1
configurable, 1
applications, 11
awt, 4
container, 7
drawstring, 1
developers, 6
quickly, 1
usage, 1
deprecated, 1
interactive, 1
program, 14
when, 9
three, 2
required, 2
multi, 1
jit, 1
largely, 2
specifically, 2
participating, 1
embed, 2
case, 1
hardware, 5
generation, 1
identifier, 1
item, 1
having, 2
standalone, 1
dates, 1
dependencies, 1
explicit, 1
ships, 1
provide, 4
allocate, 1
style, 6
primary, 2
requires, 1
participation, 1
explicitly, 4
widget, 1
enterprise, 3
methods, 8
portion, 1
direct, 3
pattern, 1
smart, 1
undefined, 1
anti, 1
1998, 2
1997, 3
leaks, 1
computer, 2
openjdk, 2
1995, 2
web, 11
low, 2
1991, 1
merely, 1
architecture, 2
1999, 1
enables, 1
means, 3
porting, 1
efficient, 1
more, 6
display, 8
consistent, 1
ansi, 1
naughton, 1
january, 1
organization, 1
width, 1
organized, 2
momentarily, 1
superseded, 1
certain, 1
small, 1
instantiates, 2
replace, 1
section, 2
simple, 3
used, 10
compilers, 2
launched, 1
influence, 1
looks, 1
major, 2
few, 1
exiting, 1
potential, 1
described, 1
combination, 1
marked, 1
package, 2
jni, 1
created, 4
tree, 1
runtime, 7
particular, 1
opened, 2
history, 1
inner, 2
exceptions, 3
both, 1
slashes, 1
most, 3
formal, 1
overloading, 1
outside, 2
effect, 1
creates, 3
managing, 1
launches, 1
applet, 15
option, 1
launcher, 2
request, 3
game, 1
mike, 1
determines, 1
values, 1
part, 2
their, 9
alsup, 1
jlabel, 1
point, 2
general, 3
alone, 1
along, 1
parallel, 1
browser, 4
consoles, 1
designed, 4
introduction, 2
applets, 6
san, 1
process, 7
original, 2
comply, 1
built, 3
alternative, 2
also, 9
contained, 1
third, 1
approached, 1
uses, 5
latter, 1
front, 1
user, 4
simply, 1
been, 7
mostly, 1
stack, 2
servlet, 8
mime, 1
asterisk, 1
executing, 1
offer, 1
bar, 2
jre, 2
addition, 2
happen, 1
preventing, 1
pass, 1
documentation, 2
hierarchy, 3
profile, 1
scavenge, 1
active, 1
court, 2
appends, 1
an, 35
easy, 1
height=, 1
as, 42
at, 7
hoff, 1
intermediate, 2
sdk, 2
optimizations, 1
setcontenttype, 1
be, 30
jsp, 2
characteristic, 1
javadoc, 6
see, 2
capability, 1
responsibility, 1
systems, 1
by, 38
unlike, 2
jtc, 1
whom, 1
acquisition, 2
override, 1
licences, 1
embedded, 2
enabling, 1
charge, 1
contain, 4
set, 5
business, 1
advent, 1
alternate, 1
possible, 3
familiar, 1
right, 1
executable, 1
appeals, 1
june, 1
withdrew, 1
stage, 1
calls, 3
under, 6
did, 3
essential, 1
de, 2
added, 3
javaserver, 1
debugger, 1
language, 16
graphics, 4
do, 1
developed, 3
hold, 1
later, 4
designated, 1
javax, 4
prior, 2
won, 1
legal, 3
programming, 4
jvm, 4
which, 20
ee, 4
needs, 2
us$20, 1
relicensed, 1
static, 9
commonly, 2
typically, 8
finally, 1
2001, 1
2000, 1
garbage, 10
g1, 1
publicly, 2
browsers, 2
unstable, 1
never, 1
parts, 1
containers, 1
commenting, 2
party, 1
frame, 5
however, 6
some, 5
virtual, 12
beginning, 1
rather, 1
optimized, 1
for, 66
2012, 2
2010, 2
title, 3
collector, 6
content, 1
burden, 1
states, 1
2009, 1
2007, 2
desktop, 1
2006, 2
related, 2
2004, 1
oak, 2
client, 5
foss, 1
passed, 5
featuring, 1
class, 49
just, 2
pixel, 2
digital, 1
owner, 1
directed, 1
jury, 1
specification, 1
strictly, 1
existing, 1
print, 1
formalize, 1
2016, 1
although, 5
relocate, 1
form, 1
2015, 1
management, 3
2014, 1
servlets, 1
significantly, 1
comprehensive, 1
subset, 1
president, 1
qualified, 1
triggered, 1
placed, 1
advanced, 1
deallocate, 2
j2, 1
dropped, 1
soon, 2
improved, 1
tablet, 1
corner, 1
william, 1
four, 1
context, 2
model, 1
assertions, 1
usually, 2
text, 1
whereas, 1
if, 9
validation, 1
likely, 1
large, 2
in, 73
made, 1
io, 1
is, 93
stall, 1
it, 28
being, 1
loading, 1
distributions, 1
traditional, 1
operate, 1
field, 1
contents, 1
exclusively, 1
hello, 16
jsps, 1
status, 1
become, 1
server, 8
recovering, 1
works, 1
clients, 2
enforcing, 1
operates, 1
appending, 1
mac, 2
products, 1
settlement, 1
file, 11
world, 6
library, 8
known, 2
stream, 1
december, 1
ability, 1
everything, 1
stand, 1
implementations, 6
side, 4
may, 13
within, 1
supplied, 1
forward, 1
could, 1
lacks, 1
overrides, 2
draw, 1
off, 1
machine, 18
facilities, 1
conscious, 1
return, 1
instance, 4
use, 12
subject, 1
certify, 1
several, 1
inheritance, 2
feel, 3
networking, 1
main, 12
office, 1
integer, 1
while, 3
supercomputers, 1
suffix, 1
that, 48
copyrighted, 2
revenue, 1
find, 1
than, 5
sufficient, 1
me, 2
host, 4
relentless, 1
criticisms, 1
different, 9
international, 2
directly, 2
regardless, 1
selected, 1
semantically, 1
ideal, 1
level, 4
accepts, 1
occur, 2
restrictions, 1
thrown, 1
difficult, 1
includes, 2
ideas, 1
throws, 1
becomes, 1
chosen, 1
relevant, 1
license, 4
collectors, 2
null, 1
true, 2
oriented, 4
helloworldapp, 2
errors, 2
since, 2
no, 7
behind, 1
code, 21
belong, 1
sheridan, 1
pairings, 1
println, 2
evangelist, 1
setdefaultcloseoperation, 1
of, 116
heap, 4
included, 1
make, 3
on, 25
allocated, 2
unofficial, 1
allows, 6
execution, 1
designers, 1
opposed, 1
or, 17
os, 2
control, 5
thread, 2
segmented, 1
editions, 1
writer, 1
handler, 1
interpreting, 1
upper, 1
dalvik, 1
stood, 1
promised, 1
crash, 1
accessing, 1
meaning, 1
<applet>, 1
drawing, 1
programmers, 2
brand, 1
released, 5
they, 3
10, 1
goals, 1
height, 1
based, 4
13, 2
pointer, 2
14, 1
15, 3
16, 1
17, 1
18, 1
19, 1
them, 1
portable, 1
then, 4
something, 1
accept, 1
appletcontext, 1
re, 1
pillar, 1
invoked, 2
programs, 8
interpreted, 1
starting, 1
20, 1
21, 1
22, 1
23, 1
checking, 1
24, 1
components, 2
access, 7
25, 1
26, 1
primitive, 3
27, 2
28, 1
29, 1
industry, 1
executed, 3
sun, 29
long, 1
into, 5
se, 8
current, 2
managed, 1
supports, 1
operating, 4
free, 4
so, 2
30, 1
31, 2
preferred, 1
key, 1
32, 1
33, 1
34, 1
35, 1
variables, 1
36, 1
37, 1
decision, 1
though, 1
38, 1
39, 1
one, 7
makes, 2
started, 1
denotes, 1
launch, 1
many, 4
ideally, 1
controlled, 2
single, 2
actually, 1
face, 1
getwriter, 1
associated, 1
holds, 1
closed, 3
to, 115
40, 1
41, 1
operation, 1
open, 3
partially, 1
42, 1
reimplementation, 1
43, 1
but, 10
44, 1
45, 1
commercial, 1
46, 1
47, 1
declare, 1
48, 1
separate, 2
49, 1
available, 4
numbers, 2
project, 2
reputation, 1
inside, 3
aqua, 1
whenever, 1
apache, 1
ruled, 1
aids, 1
written, 9
50, 1
51, 1
five, 1
generate, 3
52, 1
53, 1
54, 1
55, 1
treated, 1
dispatching, 2
56, 1
oracle, 14
this, 22
constructor, 2
collection, 2
look, 3
extends, 3
once, 6
vm, 3
pluggable, 1
60, 1
support, 10
insists, 1
subclasses, 1
65, 1
implements, 1
allow, 1
installed, 1
jazelle, 1
reasons, 2
lawsuit, 1
needed, 4
iec, 2
update, 1
resides, 1
modifiers, 1
speed, 2
printf, 1
printstream, 1
apple, 1
proprietary, 2
linux, 2
kit, 1
disposed, 2
every, 1
normal, 1
types, 6
classpath, 1
recently, 1
technology, 2
xp, 1
paintcomponent, 4
step, 1
passing, 2
mark, 1
software, 9
claimed, 1
graphical, 3
during, 1
processors, 1
type, 5
april, 1
integers, 3
subtypes, 1
compatible, 2
problem, 3
terms, 3
safety, 2
superclass, 5
90, 1
95, 1
presence, 1
between, 1
attempts, 1
van, 1
still, 5
goal, 2
method, 31
overhead, 2
icedtea, 1
wora, 2
filing, 1
itself, 4
concatenation, 1
versions, 5
following, 2
terminate, 2
specifies, 1
hotspot, 3
james, 3
requests, 4
distribution, 1
tools, 1
specified, 1
out, 4
leak, 2
causes, 3
installation, 1
federal, 1
initialized, 1
event, 2
dispute, 2
include, 5
initializes, 1
additionally, 1
elements, 1
anonymous, 1
located, 1
cannot, 2
responses, 2
threading, 1
runs, 2
first, 6
addresses, 2
data, 9
adequate, 1
own, 4
fewer, 1
reference, 4
gosling, 5
only, 8
j2ee, 1
create, 4
from, 25
html, 7
tag, 3
development, 4
offset, 1
like, 1
commitment, 1
servletexception, 1
finished, 1
sent, 1
core, 2
purposes, 1
files, 1
arthur, 1
note, 1
purpose, 1
configuration, 1
line, 6
scientific, 1
scale, 1
statements, 2
error, 1
platform, 13
network, 1
can, 18
security, 3
targeting, 2
public, 16
array, 4
eligible, 1
floating, 2
parameter, 4
said, 1
value, 1
inc, 1
cost, 1
aims, 1
will, 2
idle, 1
implementation, 18
arbitrary, 1
groups, 1
allowing, 1
instead, 4
ultimately, 1
controversy, 1
command, 2
int, 3
performance, 2
boolean, 3
currently, 2
compliance, 1
response, 5
variable, 2
arguments, 3
Total of all counts = 4798
]]></system-out>
  <system-err><![CDATA[]]></system-err>
</testsuite>
